<?xml version="1.0" encoding="UTF-8"?>
<testsuite name="Task4Test" tests="1" skipped="0" failures="0" errors="0" timestamp="2022-04-30T22:33:03" hostname="DESKTOP-OHF9DVJ" time="0.723">
  <properties/>
  <testcase name="start" classname="Task4Test" time="0.723"/>
  <system-out><![CDATA[?[1;31m
Start test 1?[0m
Enter name and surname:
> Ian One
Enter person's status:
> VIP
888888888888888888888888888888888888888888888888888888888888888888888888888888888
88  ooooo                                   .oooooo.                           88
88  `888'                                  d8P'  `Y8b                          88
88   888   .oooo.   ooo. .oo.             888      888 ooo. .oo.    .ooooo.    88
88   888  `P  )88b  `888P"Y88b            888      888 `888P"Y88b  d88' `88b   88
88   888   .oP"888   888   888            888      888  888   888  888ooo888   88
88   888  d8(  888   888   888            `88b    d88'  888   888  888    .o   88
88  o888o `Y888""8o o888o o888o            `Y8bood8P'  o888o o888o `Y8bod8P'   88
88                                                                             88
88                                                                             88
88                                                                             88
88                                _  _ _ ___                                   88
88                                |  | | |__]                                  88
88                                 \/  | |                                     88
888888888888888888888888888888888888888888888888888888888888888888888888888888888
?[1;31m
Start test 2?[0m
Enter name and surname:
> A b
Enter person's status:
> long participant
88888888888888888888888888888888888888888888888888888888888888888888888888888888
88                         .o.                  .o8                           88
88                        .888.                "888                           88
88                       .8"888.                888oooo.                      88
88                      .8' `888.               d88' `88b                     88
88                     .88ooo8888.              888   888                     88
88                    .8'     `888.             888   888                     88
88                   o88o     o8888o            `Y8bod8P'                     88
88                                                                            88
88                                                                            88
88                                                                            88
88  _    ____ _  _ ____      ___  ____ ____ ___ _ ____ _ ___  ____ _  _ ___   88
88  |    |  | |\ | | __      |__] |__| |__/  |  | |    | |__] |__| |\ |  |    88
88  |___ |__| | \| |__]      |    |  | |  \  |  | |___ | |    |  | | \|  |    88
88888888888888888888888888888888888888888888888888888888888888888888888888888888
?[1;31m
Start test 3?[0m
Enter name and surname:
> Bill Gates
Enter person's status:
> VIP
8888888888888888888888888888888888888888888888888888888888888888888888888888888888888888888888888888
88  oooooooooo.   o8o  oooo  oooo              .oooooo.                  .                        88
88  `888'   `Y8b  `"'  `888  `888             d8P'  `Y8b               .o8                        88
88   888     888 oooo   888   888            888            .oooo.   .o888oo  .ooooo.   .oooo.o   88
88   888oooo888' `888   888   888            888           `P  )88b    888   d88' `88b d88(  "8   88
88   888    `88b  888   888   888            888     ooooo  .oP"888    888   888ooo888 `"Y88b.    88
88   888    .88P  888   888   888            `88.    .88'  d8(  888    888 . 888    .o o.  )88b   88
88  o888bood8P'  o888o o888o o888o            `Y8bood8P'   `Y888""8o   "888" `Y8bod8P' 8""888P'   88
88                                                                                                88
88                                                                                                88
88                                                                                                88
88                                          _  _ _ ___                                            88
88                                          |  | | |__]                                           88
88                                           \/  | |                                              88
8888888888888888888888888888888888888888888888888888888888888888888888888888888888888888888888888888
?[1;31m
Start test 4?[0m
Enter name and surname:
> Tom Smith
Enter person's status:
> Worker
88888888888888888888888888888888888888888888888888888888888888888888888888888888888888888888888888888888888888888888
88  ooooooooooooo                                        .oooooo..o                    o8o      .   oooo          88
88  8'   888   `8                                       d8P'    `Y8                    `"'    .o8   `888          88
88       888       .ooooo.  ooo. .oo.  .oo.             Y88bo.      ooo. .oo.  .oo.   oooo  .o888oo  888 .oo.     88
88       888      d88' `88b `888P"Y88bP"Y88b             `"Y8888o.  `888P"Y88bP"Y88b  `888    888    888P"Y88b    88
88       888      888   888  888   888   888                 `"Y88b  888   888   888   888    888    888   888    88
88       888      888   888  888   888   888            oo     .d8P  888   888   888   888    888 .  888   888    88
88      o888o     `Y8bod8P' o888o o888o o888o           8""88888P'  o888o o888o o888o o888o   "888" o888o o888o   88
88                                                                                                                88
88                                                                                                                88
88                                                                                                                88
88                                        _ _ _ ____ ____ _  _ ____ ____                                          88
88                                        | | | |  | |__/ |_/  |___ |__/                                          88
88                                        |_|_| |__| |  \ | \_ |___ |  \                                          88
88888888888888888888888888888888888888888888888888888888888888888888888888888888888888888888888888888888888888888888
?[1;31m
Start test 5?[0m
Enter name and surname:
> Mr Anonimous
Enter person's status:
> Participant
88888888888888888888888888888888888888888888888888888888888888888888888888888888888888888888888888888888888888888888888888888888888888888888888888888
88  ooo        ooooo                          .o.                                          o8o                                                     88
88  `88.       .888'                         .888.                                         `"'                                                     88
88   888b     d'888  oooo d8b               .8"888.     ooo. .oo.    .ooooo.  ooo. .oo.   oooo  ooo. .oo.  .oo.    .ooooo.  oooo  oooo   .oooo.o   88
88   8 Y88. .P  888  `888""8P              .8' `888.    `888P"Y88b  d88' `88b `888P"Y88b  `888  `888P"Y88bP"Y88b  d88' `88b `888  `888  d88(  "8   88
88   8  `888'   888   888                 .88ooo8888.    888   888  888   888  888   888   888   888   888   888  888   888  888   888  `"Y88b.    88
88   8    Y     888   888                .8'     `888.   888   888  888   888  888   888   888   888   888   888  888   888  888   888  o.  )88b   88
88  o8o        o888o d888b              o88o     o8888o o888o o888o `Y8bod8P' o888o o888o o888o o888o o888o o888o `Y8bod8P'  `V88V"V8P' 8""888P'   88
88                                                                                                                                                 88
88                                                                                                                                                 88
88                                                                                                                                                 88
88                                                 ___  ____ ____ ___ _ ____ _ ___  ____ _  _ ___                                                  88
88                                                 |__] |__| |__/  |  | |    | |__] |__| |\ |  |                                                   88
88                                                 |    |  | |  \  |  | |___ | |    |  | | \|  |                                                   88
88888888888888888888888888888888888888888888888888888888888888888888888888888888888888888888888888888888888888888888888888888888888888888888888888888
?[1;31m
Start test 6?[0m
Enter name and surname:
> X Y
Enter person's status:
> AbcdAbcdAbcdAbcd
8888888888888888888888888888888888888888888888888888888888888888888888888888888888888888
88                      ooooooo  ooooo           oooooo   oooo                        88
88                       `8888    d8'             `888.   .8'                         88
88                         Y888..8P                `888. .8'                          88
88                          `8888'                  `888.8'                           88
88                         .8PY888.                  `888'                            88
88                        d8'  `888b                  888                             88
88                      o888o  o88888o               o888o                            88
88                                                                                    88
88                                                                                    88
88                                                                                    88
88  ____ ___  ____ ___  ____ ___  ____ ___  ____ ___  ____ ___  ____ ___  ____ ___    88
88  |__| |__] |    |  \ |__| |__] |    |  \ |__| |__] |    |  \ |__| |__] |    |  \   88
88  |  | |__] |___ |__/ |  | |__] |___ |__/ |  | |__] |___ |__/ |  | |__] |___ |__/   88
8888888888888888888888888888888888888888888888888888888888888888888888888888888888888888
?[1;31m
Start test 7?[0m
Enter name and surname:
> X Y
Enter person's status:
> AbcdAbcdAbcdAbcdA
888888888888888888888888888888888888888888888888888888888888888888888888888888888888888888888
88                         ooooooo  ooooo           oooooo   oooo                          88
88                          `8888    d8'             `888.   .8'                           88
88                            Y888..8P                `888. .8'                            88
88                             `8888'                  `888.8'                             88
88                            .8PY888.                  `888'                              88
88                           d8'  `888b                  888                               88
88                         o888o  o88888o               o888o                              88
88                                                                                         88
88                                                                                         88
88                                                                                         88
88  ____ ___  ____ ___  ____ ___  ____ ___  ____ ___  ____ ___  ____ ___  ____ ___  ____   88
88  |__| |__] |    |  \ |__| |__] |    |  \ |__| |__] |    |  \ |__| |__] |    |  \ |__|   88
88  |  | |__] |___ |__/ |  | |__] |___ |__/ |  | |__] |___ |__/ |  | |__] |___ |__/ |  |   88
888888888888888888888888888888888888888888888888888888888888888888888888888888888888888888888
?[1;31m
Start test 8?[0m
Enter name and surname:
> X Y
Enter person's status:
> Status  with spaces
88888888888888888888888888888888888888888888888888888888888888888888888888888888888888888888888888
88                           ooooooo  ooooo           oooooo   oooo                             88
88                            `8888    d8'             `888.   .8'                              88
88                              Y888..8P                `888. .8'                               88
88                               `8888'                  `888.8'                                88
88                              .8PY888.                  `888'                                 88
88                             d8'  `888b                  888                                  88
88                           o888o  o88888o               o888o                                 88
88                                                                                              88
88                                                                                              88
88                                                                                              88
88  ____ ___ ____ ___ _  _ ____           _ _ _ _ ___ _  _      ____ ___  ____ ____ ____ ____   88
88  [__   |  |__|  |  |  | [__            | | | |  |  |__|      [__  |__] |__| |    |___ [__    88
88  ___]  |  |  |  |  |__| ___]           |_|_| |  |  |  |      ___] |    |  | |___ |___ ___]   88
88888888888888888888888888888888888888888888888888888888888888888888888888888888888888888888888888
?[1;31m
Start test 9?[0m
Enter name and surname:
> abcdefghijklmnopqrstuvwxyzABCDEFGHIJKLMNOPQRSTUVWXYZ Ivan
Enter person's status:
> Hello
88888888888888888888888888888888888888888888888888888888888888888888888888888888888888888888888888888888888888888888888888888888888888888888888888888888888888888888888888888888888888888888888888888888888888888888888888888888888888888888888888888888888888888888888888888888888888888888888888888888888888888888888888888888888888888888888888888888888888888888888888888888888888888888888888888888888888888888888888888888888888888888888888888888888888888888888888888888888888888888888888888888888888888888888888888888888888888888888888888888888888888888888888888888888888888888888888888888888888888888888888888888888888888888888888888888888888888888888888888888888888888888888888888888888888888888888888
88             .o8                       .o8             .o88o.            oooo         o8o      o8o oooo        oooo                                                                                      .                                                                                     .o.       oooooooooo.    .oooooo.   oooooooooo.   oooooooooooo oooooooooooo   .oooooo.    ooooo   ooooo ooooo    oooo oooo    oooo ooooo        ooo        ooooo ooooo      ooo   .oooooo.   ooooooooo.     .oooooo.      ooooooooo.    .oooooo..o ooooooooooooo ooooo     ooo oooooo     oooo oooooo   oooooo     oooo ooooooo  ooooo oooooo   oooo  oooooooooooo           ooooo                                     88
88            "888                      "888             888 `"            `888         `"'      `"' `888        `888                                                                                    .o8                                                                                    .888.      `888'   `Y8b  d8P'  `Y8b  `888'   `Y8b  `888'     `8 `888'     `8  d8P'  `Y8b   `888'   `888' `888'    `888 `888   .8P'  `888'        `88.       .888' `888b.     `8'  d8P'  `Y8b  `888   `Y88.  d8P'  `Y8b     `888   `Y88. d8P'    `Y8 8'   888   `8 `888'     `8'  `888.     .8'   `888.    `888.     .8'   `8888    d8'   `888.   .8'  d'""""""d888'           `888'                                     88
88   .oooo.    888oooo.   .ooooo.   .oooo888   .ooooo.  o888oo   .oooooooo  888 .oo.   oooo     oooo  888  oooo   888  ooo. .oo.  .oo.   ooo. .oo.    .ooooo.  oo.ooooo.   .ooooo oo oooo d8b  .oooo.o .o888oo oooo  oooo  oooo    ooo oooo oooo    ooo oooo    ooo oooo    ooo   oooooooo     .8"888.      888     888 888           888      888  888          888         888            888     888   888      888  888  d8'     888          888b     d'888   8 `88b.    8  888      888  888   .d88' 888      888     888   .d88' Y88bo.           888       888       8    `888.   .8'     `888.   .8888.   .8'      Y888..8P      `888. .8'         .888P              888  oooo    ooo  .oooo.   ooo. .oo.     88
88  `P  )88b   d88' `88b d88' `"Y8 d88' `888  d88' `88b  888    888' `88b   888P"Y88b  `888     `888  888 .8P'    888  `888P"Y88bP"Y88b  `888P"Y88b  d88' `88b  888' `88b d88' `888  `888""8P d88(  "8   888   `888  `888   `88.  .8'   `88. `88.  .8'   `88b..8P'   `88.  .8'   d'""7d8P     .8' `888.     888oooo888' 888           888      888  888oooo8     888oooo8    888            888ooooo888   888      888  88888[       888          8 Y88. .P  888   8   `88b.  8  888      888  888ooo88P'  888      888     888ooo88P'   `"Y8888o.       888       888       8     `888. .8'       `888  .8'`888. .8'        `8888'        `888.8'         d888'               888   `88.  .8'  `P  )88b  `888P"Y88b    88
88   .oP"888   888   888 888       888   888  888ooo888  888    888   888   888   888   888      888  888888.     888   888   888   888   888   888  888   888  888   888 888   888   888     `"Y88b.    888    888   888    `88..8'     `88..]88..8'      Y888'      `88..8'      .d8P'     .88ooo8888.    888    `88b 888           888      888  888    "     888    "    888     ooooo  888     888   888      888  888`88b.     888          8  `888'   888   8     `88b.8  888      888  888         888      888     888`88b.         `"Y88b      888       888       8      `888.8'         `888.8'  `888.8'        .8PY888.        `888'        .888P                 888    `88..8'    .oP"888   888   888    88
88  d8(  888   888   888 888   .o8 888   888  888    .o  888    `88bod8P'   888   888   888      888  888 `88b.   888   888   888   888   888   888  888   888  888   888 888   888   888     o.  )88b   888 .  888   888     `888'       `888'`888'     .o8"'88b      `888'     .d8P'  .P  .8'     `888.   888    .88P `88b    ooo   888     d88'  888       o  888         `88.    .88'   888     888   888      888  888  `88b.   888       o  8    Y     888   8       `888  `88b    d88'  888         `88b    d88b     888  `88b.  oo     .d8P      888       `88.    .8'       `888'           `888'    `888'        d8'  `888b        888        d888'    .P            888     `888'    d8(  888   888   888    88
88  `Y888""8o  `Y8bod8P' `Y8bod8P' `Y8bod88P" `Y8bod8P' o888o   `8oooooo.  o888o o888o o888o     888 o888o o888o o888o o888o o888o o888o o888o o888o `Y8bod8P'  888bod8P' `V8bod888  d888b    8""888P'   "888"  `V88V"V8P'     `8'         `8'  `8'     o88'   888o     .8'     d8888888P  o88o     o8888o o888bood8P'   `Y8bood8P'  o888bood8P'   o888ooooood8 o888o         `Y8bood8P'   o888o   o888o o888o .o. 88P o888o  o888o o888ooooood8 o8o        o888o o8o        `8   `Y8bood8P'  o888o         `Y8bood8P'Ybd' o888o  o888o 8""88888P'      o888o        `YbodP'          `8'             `8'      `8'       o888o  o88888o     o888o     .8888888888P            o888o     `8'     `Y888""8o o888o o888o   88
88                                                              d"     YD                        888                                                            888             888.                                                                                .o..P'                                                                                                                                     `Y888P                                                                                                                                                                                                                                                                                                   88
88                                                              "Y88888P'                    .o. 88P                                                           o888o            8P'                                                                                 `Y8P'                                                                                                                                                                                                                                                                                                                                                                                                                                               88
88                                                                                           `Y888P                                                                             "                                                                                                                                                                                                                                                                                                                                                                                                                                                                                                                                       88
88                                                                                                                                                                                                                                                                                                                                              _  _ ____ _    _    ____                                                                                                                                                                                                                                                                                                                                                88
88                                                                                                                                                                                                                                                                                                                                              |__| |___ |    |    |  |                                                                                                                                                                                                                                                                                                                                                88
88                                                                                                                                                                                                                                                                                                                                              |  | |___ |___ |___ |__|                                                                                                                                                                                                                                                                                                                                                88
88888888888888888888888888888888888888888888888888888888888888888888888888888888888888888888888888888888888888888888888888888888888888888888888888888888888888888888888888888888888888888888888888888888888888888888888888888888888888888888888888888888888888888888888888888888888888888888888888888888888888888888888888888888888888888888888888888888888888888888888888888888888888888888888888888888888888888888888888888888888888888888888888888888888888888888888888888888888888888888888888888888888888888888888888888888888888888888888888888888888888888888888888888888888888888888888888888888888888888888888888888888888888888888888888888888888888888888888888888888888888888888888888888888888888888888888888
?[1;31m
Start test 10?[0m
Enter name and surname:
> Ivan Ivan
Enter person's status:
> abcdefghijklmnopqrstuvwxyzABCDEFGHIJKLMNOPQRSTUVWXYZ
88888888888888888888888888888888888888888888888888888888888888888888888888888888888888888888888888888888888888888888888888888888888888888888888888888888888888888888888888888888888888888888888888888888888888888888888888888888888888888888888888888888888888888888
88                                                                                   ooooo                                             ooooo                                                                                                                      88
88                                                                                   `888'                                             `888'                                                                                                                      88
88                                                                                    888  oooo    ooo  .oooo.   ooo. .oo.              888  oooo    ooo  .oooo.   ooo. .oo.                                                                                      88
88                                                                                    888   `88.  .8'  `P  )88b  `888P"Y88b             888   `88.  .8'  `P  )88b  `888P"Y88b                                                                                     88
88                                                                                    888    `88..8'    .oP"888   888   888             888    `88..8'    .oP"888   888   888                                                                                     88
88                                                                                    888     `888'    d8(  888   888   888             888     `888'    d8(  888   888   888                                                                                     88
88                                                                                   o888o     `8'     `Y888""8o o888o o888o           o888o     `8'     `Y888""8o o888o o888o                                                                                    88
88                                                                                                                                                                                                                                                                88
88                                                                                                                                                                                                                                                                88
88                                                                                                                                                                                                                                                                88
88  ____ ___  ____ ___  ____ ____ ____ _  _ _  _ _  _ _    _  _ _  _ ____ ___  ____ ____ ____ ___ _  _ _  _ _ _ _ _  _ _   _ ___  ____ ___  ____ ___  ____ ____ ____ _  _ _  _ _  _ _    _  _ _  _ ____ ___  ____ ____ ____ ___ _  _ _  _ _ _ _ _  _ _   _ ___    88
88  |__| |__] |    |  \ |___ |___ | __ |__| |  | |_/  |    |\/| |\ | |  | |__] |  | |__/ [__   |  |  | |  | | | |  \/   \_/    /  |__| |__] |    |  \ |___ |___ | __ |__| |  | |_/  |    |\/| |\ | |  | |__] |  | |__/ [__   |  |  | |  | | | |  \/   \_/    /    88
88  |  | |__] |___ |__/ |___ |    |__] |  | | _| | \_ |___ |  | | \| |__| |    |_\| |  \ ___]  |  |__|  \/  |_|_| _/\_   |    /__ |  | |__] |___ |__/ |___ |    |__] |  | | _| | \_ |___ |  | | \| |__| |    |_\| |  \ ___]  |  |__|  \/  |_|_| _/\_   |    /__   88
88888888888888888888888888888888888888888888888888888888888888888888888888888888888888888888888888888888888888888888888888888888888888888888888888888888888888888888888888888888888888888888888888888888888888888888888888888888888888888888888888888888888888888888
]]></system-out>
  <system-err><![CDATA[]]></system-err>
</testsuite>
